<?xml version="1.0" encoding="UTF-8"?>
<!-- Generated by org.testng.reporters.JUnitXMLReporter -->
<testsuite ignored="0" hostname="BhushanPatil" failures="1" tests="1" name="Test" time="28.768" errors="0" timestamp="2023-06-23T00:16:45 IST">
  <testcase classname="POM_DDF_TestNG_BaseClass_UtilityClass_CaptureSSOfFailedTCes_PropertyFile.PBLoginTest1" name="verifyFullName" time="8.029">
    <failure type="java.lang.AssertionError" message="expected [9075111787] but found [bhushan patil]">
      <![CDATA[java.lang.AssertionError: expected [9075111787] but found [bhushan patil]
at POM_DDF_TestNG_BaseClass_UtilityClass_CaptureSSOfFailedTCes_PropertyFile.PBLoginTest1.verifyFullName(PBLoginTest1.java:76)
at java.base/java.util.ArrayList.forEach(ArrayList.java:1541)
... Removed 33 stack frames]]>
    </failure>
  </testcase> <!-- verifyFullName -->
</testsuite> <!-- Test -->
